# JRE version: OpenJDK Runtime Environment (8.0_162-b12) (build 1.8.0_162-8u162-b12-0ubuntu0.16.04.2-b12)
# Java VM: OpenJDK 64-Bit Server VM (25.162-b12 mixed mode linux-amd64 compressed oops)
Heap:
 PSYoungGen      total 74240K, used 1238K [0x000000076db00000, 0x0000000772d80000, 0x00000007c0000000)
  eden space 64000K, 0% used [0x000000076db00000,0x000000076db00000,0x0000000771980000)
  from space 10240K, 12% used [0x0000000771980000,0x0000000771ab5850,0x0000000772380000)
  to   space 10240K, 0% used [0x0000000772380000,0x0000000772380000,0x0000000772d80000)
 ParOldGen       total 169472K, used 2973K [0x00000006c9000000, 0x00000006d3580000, 0x000000076db00000)
  object space 169472K, 1% used [0x00000006c9000000,0x00000006c92e76d8,0x00000006d3580000)
 Metaspace       used 12761K, capacity 13048K, committed 13312K, reserved 1060864K
  class space    used 1354K, capacity 1450K, committed 1536K, reserved 1048576K
GC Heap History (10 events):
Event: 1.579 GC heap after
Heap after GC invocations=1 (full 0):
 PSYoungGen      total 74240K, used 3379K [0x000000076db00000, 0x0000000772d80000, 0x00000007c0000000)
  eden space 64000K, 0% used [0x000000076db00000,0x000000076db00000,0x0000000771980000)
  from space 10240K, 33% used [0x0000000771980000,0x0000000771cccf70,0x0000000772380000)
  to   space 10240K, 0% used [0x0000000772380000,0x0000000772380000,0x0000000772d80000)
 ParOldGen       total 169472K, used 16K [0x00000006c9000000, 0x00000006d3580000, 0x000000076db00000)
  object space 169472K, 0% used [0x00000006c9000000,0x00000006c9004000,0x00000006d3580000)
 Metaspace       used 10672K, capacity 10906K, committed 11264K, reserved 1058816K
  class space    used 1147K, capacity 1233K, committed 1280K, reserved 1048576K
}
Event: 1.579 GC heap before
{Heap before GC invocations=2 (full 1):
 PSYoungGen      total 74240K, used 3379K [0x000000076db00000, 0x0000000772d80000, 0x00000007c0000000)
  eden space 64000K, 0% used [0x000000076db00000,0x000000076db00000,0x0000000771980000)
  from space 10240K, 33% used [0x0000000771980000,0x0000000771cccf70,0x0000000772380000)
  to   space 10240K, 0% used [0x0000000772380000,0x0000000772380000,0x0000000772d80000)
 ParOldGen       total 169472K, used 16K [0x00000006c9000000, 0x00000006d3580000, 0x000000076db00000)
  object space 169472K, 0% used [0x00000006c9000000,0x00000006c9004000,0x00000006d3580000)
 Metaspace       used 10672K, capacity 10906K, committed 11264K, reserved 1058816K
  class space    used 1147K, capacity 1233K, committed 1280K, reserved 1048576K
Event: 1.633 GC heap after
Heap after GC invocations=2 (full 1):
 PSYoungGen      total 74240K, used 0K [0x000000076db00000, 0x0000000772d80000, 0x00000007c0000000)
  eden space 64000K, 0% used [0x000000076db00000,0x000000076db00000,0x0000000771980000)
  from space 10240K, 0% used [0x0000000771980000,0x0000000771980000,0x0000000772380000)
  to   space 10240K, 0% used [0x0000000772380000,0x0000000772380000,0x0000000772d80000)
 ParOldGen       total 169472K, used 3211K [0x00000006c9000000, 0x00000006d3580000, 0x000000076db00000)
  object space 169472K, 1% used [0x00000006c9000000,0x00000006c9322f30,0x00000006d3580000)
 Metaspace       used 10672K, capacity 10906K, committed 11264K, reserved 1058816K
  class space    used 1147K, capacity 1233K, committed 1280K, reserved 1048576K
}
Event: 2.975 GC heap before
{Heap before GC invocations=3 (full 1):
 PSYoungGen      total 74240K, used 6827K [0x000000076db00000, 0x0000000772d80000, 0x00000007c0000000)
  eden space 64000K, 10% used [0x000000076db00000,0x000000076e1aad18,0x0000000771980000)
  from space 10240K, 0% used [0x0000000771980000,0x0000000771980000,0x0000000772380000)
  to   space 10240K, 0% used [0x0000000772380000,0x0000000772380000,0x0000000772d80000)
 ParOldGen       total 169472K, used 3211K [0x00000006c9000000, 0x00000006d3580000, 0x000000076db00000)
  object space 169472K, 1% used [0x00000006c9000000,0x00000006c9322f30,0x00000006d3580000)
 Metaspace       used 11347K, capacity 11592K, committed 11904K, reserved 1060864K
  class space    used 1230K, capacity 1316K, committed 1408K, reserved 1048576K
Event: 2.993 GC heap after
Heap after GC invocations=3 (full 1):
 PSYoungGen      total 74240K, used 288K [0x000000076db00000, 0x0000000772d80000, 0x00000007c0000000)
  eden space 64000K, 0% used [0x000000076db00000,0x000000076db00000,0x0000000771980000)
  from space 10240K, 2% used [0x0000000772380000,0x00000007723c8000,0x0000000772d80000)
  to   space 10240K, 0% used [0x0000000771980000,0x0000000771980000,0x0000000772380000)
 ParOldGen       total 169472K, used 3211K [0x00000006c9000000, 0x00000006d3580000, 0x000000076db00000)
  object space 169472K, 1% used [0x00000006c9000000,0x00000006c9322f30,0x00000006d3580000)
 Metaspace       used 11347K, capacity 11592K, committed 11904K, reserved 1060864K
  class space    used 1230K, capacity 1316K, committed 1408K, reserved 1048576K
}
Event: 2.993 GC heap before
{Heap before GC invocations=4 (full 2):
 PSYoungGen      total 74240K, used 288K [0x000000076db00000, 0x0000000772d80000, 0x00000007c0000000)
  eden space 64000K, 0% used [0x000000076db00000,0x000000076db00000,0x0000000771980000)
  from space 10240K, 2% used [0x0000000772380000,0x00000007723c8000,0x0000000772d80000)
  to   space 10240K, 0% used [0x0000000771980000,0x0000000771980000,0x0000000772380000)
 ParOldGen       total 169472K, used 3211K [0x00000006c9000000, 0x00000006d3580000, 0x000000076db00000)
  object space 169472K, 1% used [0x00000006c9000000,0x00000006c9322f30,0x00000006d3580000)
 Metaspace       used 11347K, capacity 11592K, committed 11904K, reserved 1060864K
  class space    used 1230K, capacity 1316K, committed 1408K, reserved 1048576K
Event: 3.046 GC heap after
Heap after GC invocations=4 (full 2):
 PSYoungGen      total 74240K, used 0K [0x000000076db00000, 0x0000000772d80000, 0x00000007c0000000)
  eden space 64000K, 0% used [0x000000076db00000,0x000000076db00000,0x0000000771980000)
  from space 10240K, 0% used [0x0000000772380000,0x0000000772380000,0x0000000772d80000)
  to   space 10240K, 0% used [0x0000000771980000,0x0000000771980000,0x0000000772380000)
 ParOldGen       total 169472K, used 2965K [0x00000006c9000000, 0x00000006d3580000, 0x000000076db00000)
  object space 169472K, 1% used [0x00000006c9000000,0x00000006c92e56d8,0x00000006d3580000)
 Metaspace       used 11347K, capacity 11592K, committed 11904K, reserved 1060864K
  class space    used 1230K, capacity 1316K, committed 1408K, reserved 1048576K
}
Event: 630.149 GC heap before
{Heap before GC invocations=5 (full 2):
 PSYoungGen      total 74240K, used 24141K [0x000000076db00000, 0x0000000772d80000, 0x00000007c0000000)
  eden space 64000K, 37% used [0x000000076db00000,0x000000076f2934b8,0x0000000771980000)
  from space 10240K, 0% used [0x0000000772380000,0x0000000772380000,0x0000000772d80000)
  to   space 10240K, 0% used [0x0000000771980000,0x0000000771980000,0x0000000772380000)
 ParOldGen       total 169472K, used 2965K [0x00000006c9000000, 0x00000006d3580000, 0x000000076db00000)
  object space 169472K, 1% used [0x00000006c9000000,0x00000006c92e56d8,0x00000006d3580000)
 Metaspace       used 12761K, capacity 13048K, committed 13312K, reserved 1060864K
  class space    used 1354K, capacity 1450K, committed 1536K, reserved 1048576K
Event: 630.153 GC heap after
Heap after GC invocations=5 (full 2):
 PSYoungGen      total 74240K, used 1238K [0x000000076db00000, 0x0000000772d80000, 0x00000007c0000000)
  eden space 64000K, 0% used [0x000000076db00000,0x000000076db00000,0x0000000771980000)
  from space 10240K, 12% used [0x0000000771980000,0x0000000771ab5850,0x0000000772380000)
  to   space 10240K, 0% used [0x0000000772380000,0x0000000772380000,0x0000000772d80000)
 ParOldGen       total 169472K, used 2973K [0x00000006c9000000, 0x00000006d3580000, 0x000000076db00000)
  object space 169472K, 1% used [0x00000006c9000000,0x00000006c92e76d8,0x00000006d3580000)
 Metaspace       used 12761K, capacity 13048K, committed 13312K, reserved 1060864K
  class space    used 1354K, capacity 1450K, committed 1536K, reserved 1048576K
}
Event: 630.153 GC heap before
{Heap before GC invocations=6 (full 3):
 PSYoungGen      total 74240K, used 1238K [0x000000076db00000, 0x0000000772d80000, 0x00000007c0000000)
  eden space 64000K, 0% used [0x000000076db00000,0x000000076db00000,0x0000000771980000)
  from space 10240K, 12% used [0x0000000771980000,0x0000000771ab5850,0x0000000772380000)
  to   space 10240K, 0% used [0x0000000772380000,0x0000000772380000,0x0000000772d80000)
 ParOldGen       total 169472K, used 2973K [0x00000006c9000000, 0x00000006d3580000, 0x000000076db00000)
  object space 169472K, 1% used [0x00000006c9000000,0x00000006c92e76d8,0x00000006d3580000)
 Metaspace       used 12761K, capacity 13048K, committed 13312K, reserved 1060864K
  class space    used 1354K, capacity 1450K, committed 1536K, reserved 1048576K

